[0.009s] Invoking command in '/home/cuong/diffdrive_arduino-humble/build/diffdrive_arduino': CMAKE_PREFIX_PATH=/opt/ros/humble /usr/bin/cmake /home/cuong/diffdrive_arduino-humble -DCMAKE_INSTALL_PREFIX=/home/cuong/diffdrive_arduino-humble/install/diffdrive_arduino
[0.022s] -- Found ament_cmake: 1.3.12 (/opt/ros/humble/share/ament_cmake/cmake)
[0.127s] -- Override CMake install command with custom implementation using symlinks instead of copying resources
[0.137s] -- Found hardware_interface: 2.52.0 (/opt/ros/humble/share/hardware_interface/cmake)
[0.160s] -- Found rosidl_generator_c: 3.1.7 (/opt/ros/humble/share/rosidl_generator_c/cmake)
[0.162s] -- Found rosidl_adapter: 3.1.7 (/opt/ros/humble/share/rosidl_adapter/cmake)
[0.168s] -- Found rosidl_generator_cpp: 3.1.7 (/opt/ros/humble/share/rosidl_generator_cpp/cmake)
[0.176s] -- Using all available rosidl_typesupport_c: rosidl_typesupport_fastrtps_c;rosidl_typesupport_introspection_c
[0.186s] -- Using all available rosidl_typesupport_cpp: rosidl_typesupport_fastrtps_cpp;rosidl_typesupport_introspection_cpp
[0.324s] -- Found rmw_implementation_cmake: 6.1.2 (/opt/ros/humble/share/rmw_implementation_cmake/cmake)
[0.326s] -- Found rmw_fastrtps_cpp: 6.2.9 (/opt/ros/humble/share/rmw_fastrtps_cpp/cmake)
[0.342s] -- Found TinyXML2 via Config file: TinyXML2_DIR-NOTFOUND
[0.349s] -- Found TinyXML2 via Config file: TinyXML2_DIR-NOTFOUND
[0.362s] -- Found TinyXML2 via Config file: TinyXML2_DIR-NOTFOUND
[0.368s] -- Found TinyXML2 via Config file: TinyXML2_DIR-NOTFOUND
[0.379s] -- Using RMW implementation 'rmw_fastrtps_cpp' as default
[0.423s] -- Found ament_cmake_gtest: 1.3.12 (/opt/ros/humble/share/ament_cmake_gtest/cmake)
[0.479s] -- Configuring done
[0.490s] -- Generating done
[0.494s] -- Build files have been written to: /home/cuong/diffdrive_arduino-humble/build/diffdrive_arduino
[0.504s] Invoked command in '/home/cuong/diffdrive_arduino-humble/build/diffdrive_arduino' returned '0': CMAKE_PREFIX_PATH=/opt/ros/humble /usr/bin/cmake /home/cuong/diffdrive_arduino-humble -DCMAKE_INSTALL_PREFIX=/home/cuong/diffdrive_arduino-humble/install/diffdrive_arduino
[0.505s] Invoking command in '/home/cuong/diffdrive_arduino-humble/build/diffdrive_arduino': CMAKE_PREFIX_PATH=/opt/ros/humble /usr/bin/cmake --build /home/cuong/diffdrive_arduino-humble/build/diffdrive_arduino -- -j12 -l12
[0.541s] [35m[1mConsolidate compiler generated dependencies of target diffdrive_arduino[0m
[0.555s] [100%] Built target diffdrive_arduino
[0.565s] Invoked command in '/home/cuong/diffdrive_arduino-humble/build/diffdrive_arduino' returned '0': CMAKE_PREFIX_PATH=/opt/ros/humble /usr/bin/cmake --build /home/cuong/diffdrive_arduino-humble/build/diffdrive_arduino -- -j12 -l12
[0.574s] Invoking command in '/home/cuong/diffdrive_arduino-humble/build/diffdrive_arduino': CMAKE_PREFIX_PATH=/opt/ros/humble /usr/bin/cmake --install /home/cuong/diffdrive_arduino-humble/build/diffdrive_arduino
[0.580s] -- Install configuration: ""
[0.580s] -- Execute custom install script
[0.580s] -- Up-to-date symlink: /home/cuong/diffdrive_arduino-humble/install/diffdrive_arduino/share/diffdrive_arduino//diffdrive_arduino.xml
[0.581s] -- Up-to-date symlink: /home/cuong/diffdrive_arduino-humble/install/diffdrive_arduino/include/diffdrive_arduino/diffdrive_arduino/arduino_comms.hpp
[0.581s] -- Up-to-date symlink: /home/cuong/diffdrive_arduino-humble/install/diffdrive_arduino/include/diffdrive_arduino/diffdrive_arduino/diffbot_system.hpp
[0.581s] -- Up-to-date symlink: /home/cuong/diffdrive_arduino-humble/install/diffdrive_arduino/include/diffdrive_arduino/diffdrive_arduino/visibility_control.h
[0.581s] -- Up-to-date symlink: /home/cuong/diffdrive_arduino-humble/install/diffdrive_arduino/include/diffdrive_arduino/diffdrive_arduino/wheel.hpp
[0.581s] -- Up-to-date symlink: /home/cuong/diffdrive_arduino-humble/install/diffdrive_arduino/share/diffdrive_arduino/launch/view_robot.launch.py
[0.582s] -- Up-to-date symlink: /home/cuong/diffdrive_arduino-humble/install/diffdrive_arduino/share/diffdrive_arduino/ros2_control/diffbot.ros2_control.xacro
[0.582s] -- Up-to-date symlink: /home/cuong/diffdrive_arduino-humble/install/diffdrive_arduino/share/diffdrive_arduino/urdf/diffbot.materials.xacro
[0.582s] -- Up-to-date symlink: /home/cuong/diffdrive_arduino-humble/install/diffdrive_arduino/share/diffdrive_arduino/urdf/diffbot.urdf.xacro
[0.582s] -- Up-to-date symlink: /home/cuong/diffdrive_arduino-humble/install/diffdrive_arduino/share/diffdrive_arduino/urdf/diffbot_description.urdf.xacro
[0.582s] -- Up-to-date symlink: /home/cuong/diffdrive_arduino-humble/install/diffdrive_arduino/share/diffdrive_arduino/rviz/diffbot.rviz
[0.582s] -- Up-to-date symlink: /home/cuong/diffdrive_arduino-humble/install/diffdrive_arduino/share/diffdrive_arduino/rviz/diffbot_view.rviz
[0.583s] -- Up-to-date symlink: /home/cuong/diffdrive_arduino-humble/install/diffdrive_arduino/share/diffdrive_arduino/launch/diffbot.launch.py
[0.583s] -- Up-to-date symlink: /home/cuong/diffdrive_arduino-humble/install/diffdrive_arduino/share/diffdrive_arduino/config/diffbot_controllers.yaml
[0.583s] -- Up-to-date symlink: /home/cuong/diffdrive_arduino-humble/install/diffdrive_arduino/share/diffdrive_arduino/environment/library_path.sh
[0.583s] -- Up-to-date symlink: /home/cuong/diffdrive_arduino-humble/install/diffdrive_arduino/share/diffdrive_arduino/environment/library_path.dsv
[0.583s] -- Up-to-date symlink: /home/cuong/diffdrive_arduino-humble/install/diffdrive_arduino/share/ament_index/resource_index/package_run_dependencies/diffdrive_arduino
[0.583s] -- Up-to-date symlink: /home/cuong/diffdrive_arduino-humble/install/diffdrive_arduino/share/ament_index/resource_index/parent_prefix_path/diffdrive_arduino
[0.583s] -- Up-to-date symlink: /home/cuong/diffdrive_arduino-humble/install/diffdrive_arduino/share/diffdrive_arduino/environment/ament_prefix_path.sh
[0.584s] -- Up-to-date symlink: /home/cuong/diffdrive_arduino-humble/install/diffdrive_arduino/share/diffdrive_arduino/environment/ament_prefix_path.dsv
[0.584s] -- Up-to-date symlink: /home/cuong/diffdrive_arduino-humble/install/diffdrive_arduino/share/diffdrive_arduino/environment/path.sh
[0.584s] -- Up-to-date symlink: /home/cuong/diffdrive_arduino-humble/install/diffdrive_arduino/share/diffdrive_arduino/environment/path.dsv
[0.584s] -- Up-to-date symlink: /home/cuong/diffdrive_arduino-humble/install/diffdrive_arduino/share/diffdrive_arduino/local_setup.bash
[0.584s] -- Up-to-date symlink: /home/cuong/diffdrive_arduino-humble/install/diffdrive_arduino/share/diffdrive_arduino/local_setup.sh
[0.584s] -- Up-to-date symlink: /home/cuong/diffdrive_arduino-humble/install/diffdrive_arduino/share/diffdrive_arduino/local_setup.zsh
[0.584s] -- Up-to-date symlink: /home/cuong/diffdrive_arduino-humble/install/diffdrive_arduino/share/diffdrive_arduino/local_setup.dsv
[0.584s] -- Symlinking: /home/cuong/diffdrive_arduino-humble/install/diffdrive_arduino/share/diffdrive_arduino/package.dsv
[0.593s] -- Up-to-date symlink: /home/cuong/diffdrive_arduino-humble/install/diffdrive_arduino/share/ament_index/resource_index/packages/diffdrive_arduino
[0.593s] -- Up-to-date symlink: /home/cuong/diffdrive_arduino-humble/install/diffdrive_arduino/share/ament_index/resource_index/hardware_interface__pluginlib__plugin/diffdrive_arduino
[0.593s] -- Up-to-date symlink: /home/cuong/diffdrive_arduino-humble/install/diffdrive_arduino/share/diffdrive_arduino/cmake/ament_cmake_export_targets-extras.cmake
[0.593s] -- Up-to-date symlink: /home/cuong/diffdrive_arduino-humble/install/diffdrive_arduino/share/diffdrive_arduino/cmake/ament_cmake_export_dependencies-extras.cmake
[0.593s] -- Up-to-date symlink: /home/cuong/diffdrive_arduino-humble/install/diffdrive_arduino/share/diffdrive_arduino/cmake/diffdrive_arduinoConfig.cmake
[0.593s] -- Up-to-date symlink: /home/cuong/diffdrive_arduino-humble/install/diffdrive_arduino/share/diffdrive_arduino/cmake/diffdrive_arduinoConfig-version.cmake
[0.593s] -- Up-to-date symlink: /home/cuong/diffdrive_arduino-humble/install/diffdrive_arduino/share/diffdrive_arduino/package.xml
[0.593s] -- Up-to-date: /home/cuong/diffdrive_arduino-humble/install/diffdrive_arduino/lib/libdiffdrive_arduino.so
[0.594s] -- Up-to-date: /home/cuong/diffdrive_arduino-humble/install/diffdrive_arduino/share/diffdrive_arduino/cmake/export_diffdrive_arduinoExport.cmake
[0.594s] -- Up-to-date: /home/cuong/diffdrive_arduino-humble/install/diffdrive_arduino/share/diffdrive_arduino/cmake/export_diffdrive_arduinoExport-noconfig.cmake
[0.596s] Invoked command in '/home/cuong/diffdrive_arduino-humble/build/diffdrive_arduino' returned '0': CMAKE_PREFIX_PATH=/opt/ros/humble /usr/bin/cmake --install /home/cuong/diffdrive_arduino-humble/build/diffdrive_arduino
