[0.143s] DEBUG:colcon:Command line arguments: ['/usr/bin/colcon', 'build', '--symlink-install']
[0.143s] DEBUG:colcon:Parsed command line arguments: Namespace(log_base=None, log_level=None, verb_name='build', build_base='build', install_base='install', merge_install=False, symlink_install=True, test_result_base=None, continue_on_error=False, executor='parallel', parallel_workers=12, event_handlers=None, ignore_user_meta=False, metas=['./colcon.meta'], base_paths=['.'], packages_ignore=None, packages_ignore_regex=None, paths=None, packages_up_to=None, packages_up_to_regex=None, packages_above=None, packages_above_and_dependencies=None, packages_above_depth=None, packages_select_by_dep=None, packages_skip_by_dep=None, packages_skip_up_to=None, packages_select_build_failed=False, packages_skip_build_finished=False, packages_select_test_failures=False, packages_skip_test_passed=False, packages_select=None, packages_skip=None, packages_select_regex=None, packages_skip_regex=None, packages_start=None, packages_end=None, allow_overriding=[], cmake_args=None, cmake_target=None, cmake_target_skip_unavailable=False, cmake_clean_cache=False, cmake_clean_first=False, cmake_force_configure=False, ament_cmake_args=None, catkin_cmake_args=None, catkin_skip_building_tests=False, verb_parser=<colcon_defaults.argument_parser.defaults.DefaultArgumentsDecorator object at 0x77fd8d71c040>, verb_extension=<colcon_core.verb.build.BuildVerb object at 0x77fd8d8654b0>, main=<bound method BuildVerb.main of <colcon_core.verb.build.BuildVerb object at 0x77fd8d8654b0>>)
[0.298s] Level 1:colcon.colcon_core.package_discovery:discover_packages(colcon_meta) check parameters
[0.298s] Level 1:colcon.colcon_core.package_discovery:discover_packages(recursive) check parameters
[0.298s] Level 1:colcon.colcon_core.package_discovery:discover_packages(ignore) check parameters
[0.298s] Level 1:colcon.colcon_core.package_discovery:discover_packages(path) check parameters
[0.298s] Level 1:colcon.colcon_core.package_discovery:discover_packages(colcon_meta) discover
[0.298s] Level 1:colcon.colcon_core.package_discovery:discover_packages(recursive) discover
[0.298s] INFO:colcon.colcon_core.package_discovery:Crawling recursively for packages in '/home/cuong/diffdrive_arduino-humble'
[0.298s] Level 1:colcon.colcon_core.package_identification:_identify(.) by extensions ['ignore', 'ignore_ament_install']
[0.298s] Level 1:colcon.colcon_core.package_identification:_identify(.) by extension 'ignore'
[0.298s] Level 1:colcon.colcon_core.package_identification:_identify(.) by extension 'ignore_ament_install'
[0.298s] Level 1:colcon.colcon_core.package_identification:_identify(.) by extensions ['colcon_pkg']
[0.298s] Level 1:colcon.colcon_core.package_identification:_identify(.) by extension 'colcon_pkg'
[0.298s] Level 1:colcon.colcon_core.package_identification:_identify(.) by extensions ['colcon_meta']
[0.298s] Level 1:colcon.colcon_core.package_identification:_identify(.) by extension 'colcon_meta'
[0.298s] Level 1:colcon.colcon_core.package_identification:_identify(.) by extensions ['ros']
[0.298s] Level 1:colcon.colcon_core.package_identification:_identify(.) by extension 'ros'
[0.318s] DEBUG:colcon.colcon_core.package_identification:Package '.' with type 'ros.ament_cmake' and name 'diffdrive_arduino'
[0.318s] Level 1:colcon.colcon_core.package_discovery:discover_packages(recursive) using defaults
[0.318s] Level 1:colcon.colcon_core.package_discovery:discover_packages(ignore) discover
[0.319s] Level 1:colcon.colcon_core.package_discovery:discover_packages(ignore) using defaults
[0.319s] Level 1:colcon.colcon_core.package_discovery:discover_packages(path) discover
[0.319s] Level 1:colcon.colcon_core.package_discovery:discover_packages(path) using defaults
[0.340s] Level 1:colcon.colcon_core.package_discovery:discover_packages(prefix_path) check parameters
[0.341s] Level 1:colcon.colcon_core.package_discovery:discover_packages(prefix_path) discover
[0.358s] DEBUG:colcon.colcon_installed_package_information.package_discovery:Found 406 installed packages in /opt/ros/humble
[0.359s] Level 1:colcon.colcon_core.package_discovery:discover_packages(prefix_path) using defaults
[0.432s] Level 5:colcon.colcon_core.verb:set package 'diffdrive_arduino' build argument 'cmake_args' from command line to 'None'
[0.432s] Level 5:colcon.colcon_core.verb:set package 'diffdrive_arduino' build argument 'cmake_target' from command line to 'None'
[0.433s] Level 5:colcon.colcon_core.verb:set package 'diffdrive_arduino' build argument 'cmake_target_skip_unavailable' from command line to 'False'
[0.433s] Level 5:colcon.colcon_core.verb:set package 'diffdrive_arduino' build argument 'cmake_clean_cache' from command line to 'False'
[0.433s] Level 5:colcon.colcon_core.verb:set package 'diffdrive_arduino' build argument 'cmake_clean_first' from command line to 'False'
[0.433s] Level 5:colcon.colcon_core.verb:set package 'diffdrive_arduino' build argument 'cmake_force_configure' from command line to 'False'
[0.433s] Level 5:colcon.colcon_core.verb:set package 'diffdrive_arduino' build argument 'ament_cmake_args' from command line to 'None'
[0.433s] Level 5:colcon.colcon_core.verb:set package 'diffdrive_arduino' build argument 'catkin_cmake_args' from command line to 'None'
[0.433s] Level 5:colcon.colcon_core.verb:set package 'diffdrive_arduino' build argument 'catkin_skip_building_tests' from command line to 'False'
[0.433s] DEBUG:colcon.colcon_core.verb:Building package 'diffdrive_arduino' with the following arguments: {'ament_cmake_args': None, 'build_base': '/home/cuong/diffdrive_arduino-humble/build/diffdrive_arduino', 'catkin_cmake_args': None, 'catkin_skip_building_tests': False, 'cmake_args': None, 'cmake_clean_cache': False, 'cmake_clean_first': False, 'cmake_force_configure': False, 'cmake_target': None, 'cmake_target_skip_unavailable': False, 'install_base': '/home/cuong/diffdrive_arduino-humble/install/diffdrive_arduino', 'merge_install': False, 'path': '/home/cuong/diffdrive_arduino-humble', 'symlink_install': True, 'test_result_base': None}
[0.433s] INFO:colcon.colcon_core.executor:Executing jobs using 'parallel' executor
[0.434s] DEBUG:colcon.colcon_parallel_executor.executor.parallel:run_until_complete
[0.434s] INFO:colcon.colcon_ros.task.ament_cmake.build:Building ROS package in '/home/cuong/diffdrive_arduino-humble' with build type 'ament_cmake'
[0.434s] INFO:colcon.colcon_cmake.task.cmake.build:Building CMake package in '/home/cuong/diffdrive_arduino-humble'
[0.437s] INFO:colcon.colcon_core.plugin_system:Skipping extension 'colcon_core.shell.bat': Not used on non-Windows systems
[0.437s] INFO:colcon.colcon_core.shell:Skip shell extension 'powershell' for command environment: Not usable outside of PowerShell
[0.437s] DEBUG:colcon.colcon_core.shell:Skip shell extension 'dsv' for command environment
[0.443s] DEBUG:colcon.colcon_core.event_handler.log_command:Invoking command in '/home/cuong/diffdrive_arduino-humble/build/diffdrive_arduino': CMAKE_PREFIX_PATH=/opt/ros/humble /usr/bin/cmake --build /home/cuong/diffdrive_arduino-humble/build/diffdrive_arduino -- -j12 -l12
[3.918s] DEBUG:colcon.colcon_core.event_handler.log_command:Invoked command in '/home/cuong/diffdrive_arduino-humble/build/diffdrive_arduino' returned '0': CMAKE_PREFIX_PATH=/opt/ros/humble /usr/bin/cmake --build /home/cuong/diffdrive_arduino-humble/build/diffdrive_arduino -- -j12 -l12
[3.929s] DEBUG:colcon.colcon_core.event_handler.log_command:Invoking command in '/home/cuong/diffdrive_arduino-humble/build/diffdrive_arduino': CMAKE_PREFIX_PATH=/opt/ros/humble /usr/bin/cmake --install /home/cuong/diffdrive_arduino-humble/build/diffdrive_arduino
[4.270s] Level 1:colcon.colcon_core.environment:create_environment_scripts_only(diffdrive_arduino)
[4.270s] DEBUG:colcon.colcon_core.event_handler.log_command:Invoked command in '/home/cuong/diffdrive_arduino-humble/build/diffdrive_arduino' returned '0': CMAKE_PREFIX_PATH=/opt/ros/humble /usr/bin/cmake --install /home/cuong/diffdrive_arduino-humble/build/diffdrive_arduino
[4.274s] Level 1:colcon.colcon_core.environment:checking '/home/cuong/diffdrive_arduino-humble/install/diffdrive_arduino' for CMake module files
[4.274s] Level 1:colcon.colcon_core.environment:checking '/home/cuong/diffdrive_arduino-humble/install/diffdrive_arduino' for CMake config files
[4.274s] Level 1:colcon.colcon_core.shell:create_environment_hook('diffdrive_arduino', 'cmake_prefix_path')
[4.275s] INFO:colcon.colcon_core.shell:Creating environment hook '/home/cuong/diffdrive_arduino-humble/install/diffdrive_arduino/share/diffdrive_arduino/hook/cmake_prefix_path.ps1'
[4.276s] INFO:colcon.colcon_core.shell:Creating environment descriptor '/home/cuong/diffdrive_arduino-humble/install/diffdrive_arduino/share/diffdrive_arduino/hook/cmake_prefix_path.dsv'
[4.276s] INFO:colcon.colcon_core.shell:Creating environment hook '/home/cuong/diffdrive_arduino-humble/install/diffdrive_arduino/share/diffdrive_arduino/hook/cmake_prefix_path.sh'
[4.277s] Level 1:colcon.colcon_core.environment:checking '/home/cuong/diffdrive_arduino-humble/install/diffdrive_arduino/lib'
[4.277s] Level 1:colcon.colcon_core.shell:create_environment_hook('diffdrive_arduino', 'ld_library_path_lib')
[4.277s] INFO:colcon.colcon_core.shell:Creating environment hook '/home/cuong/diffdrive_arduino-humble/install/diffdrive_arduino/share/diffdrive_arduino/hook/ld_library_path_lib.ps1'
[4.278s] INFO:colcon.colcon_core.shell:Creating environment descriptor '/home/cuong/diffdrive_arduino-humble/install/diffdrive_arduino/share/diffdrive_arduino/hook/ld_library_path_lib.dsv'
[4.278s] INFO:colcon.colcon_core.shell:Creating environment hook '/home/cuong/diffdrive_arduino-humble/install/diffdrive_arduino/share/diffdrive_arduino/hook/ld_library_path_lib.sh'
[4.278s] Level 1:colcon.colcon_core.environment:checking '/home/cuong/diffdrive_arduino-humble/install/diffdrive_arduino/bin'
[4.278s] Level 1:colcon.colcon_core.environment:checking '/home/cuong/diffdrive_arduino-humble/install/diffdrive_arduino/lib/pkgconfig/diffdrive_arduino.pc'
[4.278s] Level 1:colcon.colcon_core.environment:checking '/home/cuong/diffdrive_arduino-humble/install/diffdrive_arduino/lib/python3.10/site-packages'
[4.278s] Level 1:colcon.colcon_core.environment:checking '/home/cuong/diffdrive_arduino-humble/install/diffdrive_arduino/bin'
[4.279s] INFO:colcon.colcon_core.shell:Creating package script '/home/cuong/diffdrive_arduino-humble/install/diffdrive_arduino/share/diffdrive_arduino/package.ps1'
[4.279s] INFO:colcon.colcon_core.shell:Creating package descriptor '/home/cuong/diffdrive_arduino-humble/install/diffdrive_arduino/share/diffdrive_arduino/package.dsv'
[4.280s] INFO:colcon.colcon_core.shell:Creating package script '/home/cuong/diffdrive_arduino-humble/install/diffdrive_arduino/share/diffdrive_arduino/package.sh'
[4.281s] INFO:colcon.colcon_core.shell:Creating package script '/home/cuong/diffdrive_arduino-humble/install/diffdrive_arduino/share/diffdrive_arduino/package.bash'
[4.282s] INFO:colcon.colcon_core.shell:Creating package script '/home/cuong/diffdrive_arduino-humble/install/diffdrive_arduino/share/diffdrive_arduino/package.zsh'
[4.282s] Level 1:colcon.colcon_core.environment:create_file_with_runtime_dependencies(/home/cuong/diffdrive_arduino-humble/install/diffdrive_arduino/share/colcon-core/packages/diffdrive_arduino)
[4.283s] Level 1:colcon.colcon_core.environment:create_environment_scripts_only(diffdrive_arduino)
[4.283s] Level 1:colcon.colcon_core.environment:checking '/home/cuong/diffdrive_arduino-humble/install/diffdrive_arduino' for CMake module files
[4.284s] Level 1:colcon.colcon_core.environment:checking '/home/cuong/diffdrive_arduino-humble/install/diffdrive_arduino' for CMake config files
[4.284s] Level 1:colcon.colcon_core.shell:create_environment_hook('diffdrive_arduino', 'cmake_prefix_path')
[4.284s] INFO:colcon.colcon_core.shell:Creating environment hook '/home/cuong/diffdrive_arduino-humble/install/diffdrive_arduino/share/diffdrive_arduino/hook/cmake_prefix_path.ps1'
[4.285s] INFO:colcon.colcon_core.shell:Creating environment descriptor '/home/cuong/diffdrive_arduino-humble/install/diffdrive_arduino/share/diffdrive_arduino/hook/cmake_prefix_path.dsv'
[4.285s] INFO:colcon.colcon_core.shell:Creating environment hook '/home/cuong/diffdrive_arduino-humble/install/diffdrive_arduino/share/diffdrive_arduino/hook/cmake_prefix_path.sh'
[4.285s] Level 1:colcon.colcon_core.environment:checking '/home/cuong/diffdrive_arduino-humble/install/diffdrive_arduino/lib'
[4.285s] Level 1:colcon.colcon_core.shell:create_environment_hook('diffdrive_arduino', 'ld_library_path_lib')
[4.285s] INFO:colcon.colcon_core.shell:Creating environment hook '/home/cuong/diffdrive_arduino-humble/install/diffdrive_arduino/share/diffdrive_arduino/hook/ld_library_path_lib.ps1'
[4.286s] INFO:colcon.colcon_core.shell:Creating environment descriptor '/home/cuong/diffdrive_arduino-humble/install/diffdrive_arduino/share/diffdrive_arduino/hook/ld_library_path_lib.dsv'
[4.286s] INFO:colcon.colcon_core.shell:Creating environment hook '/home/cuong/diffdrive_arduino-humble/install/diffdrive_arduino/share/diffdrive_arduino/hook/ld_library_path_lib.sh'
[4.286s] Level 1:colcon.colcon_core.environment:checking '/home/cuong/diffdrive_arduino-humble/install/diffdrive_arduino/bin'
[4.286s] Level 1:colcon.colcon_core.environment:checking '/home/cuong/diffdrive_arduino-humble/install/diffdrive_arduino/lib/pkgconfig/diffdrive_arduino.pc'
[4.286s] Level 1:colcon.colcon_core.environment:checking '/home/cuong/diffdrive_arduino-humble/install/diffdrive_arduino/lib/python3.10/site-packages'
[4.287s] Level 1:colcon.colcon_core.environment:checking '/home/cuong/diffdrive_arduino-humble/install/diffdrive_arduino/bin'
[4.287s] INFO:colcon.colcon_core.shell:Creating package script '/home/cuong/diffdrive_arduino-humble/install/diffdrive_arduino/share/diffdrive_arduino/package.ps1'
[4.287s] INFO:colcon.colcon_core.shell:Creating package descriptor '/home/cuong/diffdrive_arduino-humble/install/diffdrive_arduino/share/diffdrive_arduino/package.dsv'
[4.288s] INFO:colcon.colcon_core.shell:Creating package script '/home/cuong/diffdrive_arduino-humble/install/diffdrive_arduino/share/diffdrive_arduino/package.sh'
[4.288s] INFO:colcon.colcon_core.shell:Creating package script '/home/cuong/diffdrive_arduino-humble/install/diffdrive_arduino/share/diffdrive_arduino/package.bash'
[4.288s] INFO:colcon.colcon_core.shell:Creating package script '/home/cuong/diffdrive_arduino-humble/install/diffdrive_arduino/share/diffdrive_arduino/package.zsh'
[4.289s] Level 1:colcon.colcon_core.environment:create_file_with_runtime_dependencies(/home/cuong/diffdrive_arduino-humble/install/diffdrive_arduino/share/colcon-core/packages/diffdrive_arduino)
[4.289s] DEBUG:colcon.colcon_parallel_executor.executor.parallel:closing loop
[4.289s] DEBUG:colcon.colcon_parallel_executor.executor.parallel:loop closed
[4.289s] DEBUG:colcon.colcon_parallel_executor.executor.parallel:run_until_complete finished with '0'
[4.289s] DEBUG:colcon.colcon_core.event_reactor:joining thread
[4.295s] INFO:colcon.colcon_core.plugin_system:Skipping extension 'colcon_notification.desktop_notification.terminal_notifier': Not used on non-Darwin systems
[4.295s] INFO:colcon.colcon_core.plugin_system:Skipping extension 'colcon_notification.desktop_notification.win32': Not used on non-Windows systems
[4.295s] INFO:colcon.colcon_notification.desktop_notification:Sending desktop notification using 'notify2'
[4.314s] DEBUG:colcon.colcon_core.event_reactor:joined thread
[4.315s] INFO:colcon.colcon_core.shell:Creating prefix script '/home/cuong/diffdrive_arduino-humble/install/local_setup.ps1'
[4.316s] INFO:colcon.colcon_core.shell:Creating prefix util module '/home/cuong/diffdrive_arduino-humble/install/_local_setup_util_ps1.py'
[4.318s] INFO:colcon.colcon_core.shell:Creating prefix chain script '/home/cuong/diffdrive_arduino-humble/install/setup.ps1'
[4.319s] INFO:colcon.colcon_core.shell:Creating prefix script '/home/cuong/diffdrive_arduino-humble/install/local_setup.sh'
[4.320s] INFO:colcon.colcon_core.shell:Creating prefix util module '/home/cuong/diffdrive_arduino-humble/install/_local_setup_util_sh.py'
[4.320s] INFO:colcon.colcon_core.shell:Creating prefix chain script '/home/cuong/diffdrive_arduino-humble/install/setup.sh'
[4.321s] INFO:colcon.colcon_core.shell:Creating prefix script '/home/cuong/diffdrive_arduino-humble/install/local_setup.bash'
[4.322s] INFO:colcon.colcon_core.shell:Creating prefix chain script '/home/cuong/diffdrive_arduino-humble/install/setup.bash'
[4.323s] INFO:colcon.colcon_core.shell:Creating prefix script '/home/cuong/diffdrive_arduino-humble/install/local_setup.zsh'
[4.323s] INFO:colcon.colcon_core.shell:Creating prefix chain script '/home/cuong/diffdrive_arduino-humble/install/setup.zsh'
